<?xml version="1.0" encoding="UTF-8"?>
<!-- Generated by org.testng.reporters.JUnitReportReporter -->
<testsuite hostname="DESKTOP-B48RNVU" failures="0" tests="1" name="AutomateTestCases.sdhcsd" time="0.019" errors="0" timestamp="2025-04-15T09:58:15 IST" skipped="0">
  <testcase classname="AutomateTestCases.sdhcsd" name="mnas" time="0.019"/>
</testsuite> <!-- AutomateTestCases.sdhcsd -->
